<?xml version="1.0" encoding="UTF-8"?>
<!-- Generated by org.testng.reporters.JUnitXMLReporter -->
<testsuite ignored="0" hostname="Spraynt-AG" failures="0" tests="1" name="Banking Site Test" time="0.05" errors="0" timestamp="2020-05-04T00:32:00 IST">
  <testcase classname="com.eBanking.testCases.BaseClass" name="@BeforeClass setUp" time="-1.588532520091E9">
    <failure type="org.testng.TestNGException" message="
Parameter &amp;apos;Browser&amp;apos; is required by BeforeClass on method setUp but has not been marked @Optional or defined
in C:\Users\Spraynt\eclipse-workspace\EBanking_MavenProject\TestNG.xml">
      <![CDATA[org.testng.TestNGException: 
Parameter 'Browser' is required by BeforeClass on method setUp but has not been marked @Optional or defined
in C:\Users\Spraynt\eclipse-workspace\EBanking_MavenProject\TestNG.xml
at java.base/java.util.ArrayList.forEach(ArrayList.java:1507)
... Removed 22 stack frames]]>
    </failure>
  </testcase> <!-- @BeforeClass setUp -->
  <testcase classname="com.eBanking.testCases.BaseClass" name="@AfterClass tearDown" time="-1.588532520119E9">
    <skipped/>
  </testcase> <!-- @AfterClass tearDown -->
  <testcase classname="com.eBanking.testCases.TC_LoginTest_testCase" name="loginTest" time="0.0">
    <skipped/>
  </testcase> <!-- loginTest -->
</testsuite> <!-- Banking Site Test -->
