<?xml version="1.0" encoding="UTF-8"?>
<!-- Generated by org.testng.reporters.JUnitXMLReporter -->
<testsuite ignored="0" hostname="Spraynt-AG" failures="0" tests="4" name="Default test" time="0.825" errors="0" timestamp="2020-05-08T22:31:07 IST">
  <testcase classname="com.eBanking.testCases.BaseClass" name="@BeforeClass setUp" time="-1.588957266301E9">
    <failure type="org.testng.TestNGException" message="
Parameter &amp;apos;browser&amp;apos; is required by BeforeClass on method setUp but has not been marked @Optional or defined
in C:\Users\Spraynt\AppData\Local\Temp\testng-eclipse-214021340\testng-customsuite.xml">
      <![CDATA[org.testng.TestNGException: 
Parameter 'browser' is required by BeforeClass on method setUp but has not been marked @Optional or defined
in C:\Users\Spraynt\AppData\Local\Temp\testng-eclipse-214021340\testng-customsuite.xml
at org.testng.internal.Parameters.createParams(Parameters.java:272)
at org.testng.internal.Parameters.createParametersForMethod(Parameters.java:360)
at org.testng.internal.Parameters.createParameters(Parameters.java:704)
at org.testng.internal.Parameters.createConfigurationParameters(Parameters.java:166)
at org.testng.internal.ConfigInvoker.invokeConfigurations(ConfigInvoker.java:283)
at org.testng.internal.TestMethodWorker.invokeBeforeClassMethods(TestMethodWorker.java:176)
at org.testng.internal.TestMethodWorker.run(TestMethodWorker.java:122)
at java.base/java.util.ArrayList.forEach(ArrayList.java:1507)
at org.testng.TestRunner.privateRun(TestRunner.java:766)
at org.testng.TestRunner.run(TestRunner.java:587)
at org.testng.SuiteRunner.runTest(SuiteRunner.java:384)
at org.testng.SuiteRunner.runSequentially(SuiteRunner.java:378)
at org.testng.SuiteRunner.privateRun(SuiteRunner.java:337)
at org.testng.SuiteRunner.run(SuiteRunner.java:286)
at org.testng.SuiteRunnerWorker.runSuite(SuiteRunnerWorker.java:53)
at org.testng.SuiteRunnerWorker.run(SuiteRunnerWorker.java:96)
at org.testng.TestNG.runSuitesSequentially(TestNG.java:1187)
at org.testng.TestNG.runSuitesLocally(TestNG.java:1109)
at org.testng.TestNG.runSuites(TestNG.java:1039)
at org.testng.TestNG.run(TestNG.java:1007)
at org.testng.remote.AbstractRemoteTestNG.run(AbstractRemoteTestNG.java:115)
at org.testng.remote.RemoteTestNG.initAndRun(RemoteTestNG.java:251)
at org.testng.remote.RemoteTestNG.main(RemoteTestNG.java:77)
]]>
    </failure>
  </testcase> <!-- @BeforeClass setUp -->
  <testcase classname="com.eBanking.testCases.BaseClass" name="@AfterClass tearDown" time="-1.588957267111E9">
    <skipped/>
  </testcase> <!-- @AfterClass tearDown -->
  <testcase classname="com.eBanking.testCases.TC_LoginTest_DDT_001" name="login_DDT" time="0.0">
    <skipped/>
  </testcase> <!-- login_DDT -->
  <testcase classname="com.eBanking.testCases.TC_LoginTest_DDT_001" name="login_DDT" time="0.0">
    <skipped/>
  </testcase> <!-- login_DDT -->
  <testcase classname="com.eBanking.testCases.TC_LoginTest_DDT_001" name="login_DDT" time="0.0">
    <skipped/>
  </testcase> <!-- login_DDT -->
  <testcase classname="com.eBanking.testCases.TC_LoginTest_DDT_001" name="login_DDT" time="0.0">
    <skipped/>
  </testcase> <!-- login_DDT -->
</testsuite> <!-- Default test -->
